#
# There is insufficient memory for the Java Runtime Environment to continue.
# Native memory allocation (malloc) failed to allocate 2093616 bytes for Chunk::new
# Possible reasons:
#   The system is out of physical RAM or swap space
#   In 32 bit mode, the process size limit was hit
# Possible solutions:
#   Reduce memory load on the system
#   Increase physical memory or swap space
#   Check if swap backing store is full
#   Use 64 bit Java on a 64 bit OS
#   Decrease Java heap size (-Xmx/-Xms)
#   Decrease number of Java threads
#   Decrease Java thread stack sizes (-Xss)
#   Set larger code cache with -XX:ReservedCodeCacheSize=
# This output file may be truncated or incomplete.
#
#  Out of Memory Error (allocation.cpp:390), pid=8916, tid=15016
#
# JRE version: Java(TM) SE Runtime Environment (8.0_40-b26) (build 1.8.0_40-b26)
# Java VM: Java HotSpot(TM) 64-Bit Server VM (25.40-b25 mixed mode windows-amd64 compressed oops)
# Failed to write core dump. Minidumps are not enabled by default on client versions of Windows
#

---------------  T H R E A D  ---------------

Current thread (0x000000005786d000):  JavaThread "C2 CompilerThread1" daemon [_thread_in_native, id=15016, stack(0x0000000057c10000,0x0000000057d10000)]

Stack: [0x0000000057c10000,0x0000000057d10000]
Native frames: (J=compiled Java code, j=interpreted, Vv=VM code, C=native code)
V  [jvm.dll+0x32b47a]
V  [jvm.dll+0x2797f3]
V  [jvm.dll+0x27a489]
V  [jvm.dll+0x2717a5]
V  [jvm.dll+0xcb9a2]
V  [jvm.dll+0xcbe6c]
V  [jvm.dll+0x49294c]
V  [jvm.dll+0x45f77f]
V  [jvm.dll+0x46a73b]
V  [jvm.dll+0x46cd52]
V  [jvm.dll+0x4500d2]
V  [jvm.dll+0xa4312]
V  [jvm.dll+0xa4c4f]
V  [jvm.dll+0x241914]
V  [jvm.dll+0x29848a]
C  [msvcr100.dll+0x21d9f]
C  [msvcr100.dll+0x21e3b]
C  [kernel32.dll+0x159cd]
C  [ntdll.dll+0x2b891]


Current CompileTask:
C2:  23475 3964       4       groovy.lang.MetaClassImpl::addMetaMethodToIndex (65 bytes)


---------------  P R O C E S S  ---------------

Java Threads: ( => current thread )
  0x000000005c548000 JavaThread "pool-2-thread-1" [_thread_blocked, id=6540, stack(0x000000005bac0000,0x000000005bbc0000)]
  0x000000005c546800 JavaThread "File lock request listener" [_thread_in_native, id=15240, stack(0x000000005ea00000,0x000000005eb00000)]
  0x00000000591ad800 JavaThread "Stdin handler" [_thread_blocked, id=3348, stack(0x000000005bda0000,0x000000005bea0000)]
  0x00000000593d7800 JavaThread "Asynchronous log dispatcher for DefaultDaemonConnection: socket connection from /127.0.0.1:51036 to /127.0.0.1:51037" [_thread_blocked, id=12836, stack(0x000000005bbd0000,0x000000005bcd0000)]
  0x00000000593d3000 JavaThread "Daemon worker" [_thread_in_vm, id=15164, stack(0x000000005b8f0000,0x000000005b9f0000)]
  0x0000000058756000 JavaThread "Cancel handler" [_thread_blocked, id=15628, stack(0x000000005b760000,0x000000005b860000)]
  0x000000005857d000 JavaThread "Handler for socket connection from /127.0.0.1:51036 to /127.0.0.1:51037" [_thread_in_native, id=5904, stack(0x000000005b5f0000,0x000000005b6f0000)]
  0x000000005857c000 JavaThread "Daemon" [_thread_blocked, id=11140, stack(0x000000005b100000,0x000000005b200000)]
  0x0000000059bf0800 JavaThread "Incoming local TCP Connector on port 51036" [_thread_in_native, id=10976, stack(0x000000005b250000,0x000000005b350000)]
  0x000000005958a800 JavaThread "pool-1-thread-1" [_thread_blocked, id=14648, stack(0x000000005aca0000,0x000000005ada0000)]
  0x0000000057895000 JavaThread "Service Thread" daemon [_thread_blocked, id=1432, stack(0x0000000057e20000,0x0000000057f20000)]
  0x000000005786e000 JavaThread "C1 CompilerThread2" daemon [_thread_blocked, id=16284, stack(0x0000000058120000,0x0000000058220000)]
=>0x000000005786d000 JavaThread "C2 CompilerThread1" daemon [_thread_in_native, id=15016, stack(0x0000000057c10000,0x0000000057d10000)]
  0x00000000562a6000 JavaThread "C2 CompilerThread0" daemon [_thread_in_native, id=15500, stack(0x0000000057fe0000,0x00000000580e0000)]
  0x00000000562a4800 JavaThread "Attach Listener" daemon [_thread_blocked, id=12708, stack(0x0000000057600000,0x0000000057700000)]
  0x00000000562a3800 JavaThread "Signal Dispatcher" daemon [_thread_blocked, id=15676, stack(0x0000000057d20000,0x0000000057e20000)]
  0x0000000056247800 JavaThread "Finalizer" daemon [_thread_blocked, id=3240, stack(0x0000000057710000,0x0000000057810000)]
  0x0000000056240800 JavaThread "Reference Handler" daemon [_thread_blocked, id=13460, stack(0x0000000057490000,0x0000000057590000)]
  0x00000000020a8000 JavaThread "main" [_thread_blocked, id=16272, stack(0x00000000024a0000,0x00000000025a0000)]

Other Threads:
  0x000000005623b000 VMThread [stack: 0x00000000572f0000,0x00000000573f0000] [id=3956]
  0x0000000057898000 WatcherThread [stack: 0x0000000058230000,0x0000000058330000] [id=8644]

VM state:not at safepoint (normal execution)

VM Mutex/Monitor currently owned by a thread: None

Heap:
 PSYoungGen      total 136704K, used 39918K [0x00000000e0000000, 0x00000000e8f80000, 0x0000000100000000)
  eden space 126464K, 31% used [0x00000000e0000000,0x00000000e26fb8f8,0x00000000e7b80000)
  from space 10240K, 0% used [0x00000000e7b80000,0x00000000e7b80000,0x00000000e8580000)
  to   space 8192K, 0% used [0x00000000e8780000,0x00000000e8780000,0x00000000e8f80000)
 ParOldGen       total 61440K, used 16917K [0x00000000a0000000, 0x00000000a3c00000, 0x00000000e0000000)
  object space 61440K, 27% used [0x00000000a0000000,0x00000000a10856a0,0x00000000a3c00000)
 Metaspace       used 37448K, capacity 38152K, committed 38360K, reserved 1083392K
  class space    used 5108K, capacity 5287K, committed 5376K, reserved 1048576K

Card table byte_map: [0x0000000011c30000,0x0000000011f40000] byte_map_base: 0x0000000011730000

Marking Bits: (ParMarkBitMap*) 0x0000000070ab4040
 Begin Bits: [0x00000000125b0000, 0x0000000013db0000)
 End Bits:   [0x0000000013db0000, 0x00000000155b0000)

Polling page: 0x0000000000340000

CodeCache: size=245760Kb used=14187Kb max_used=14196Kb free=231572Kb
 bounds [0x0000000002870000, 0x0000000003660000, 0x0000000011870000]
 total_blobs=4470 nmethods=3755 adapters=626
 compilation: enabled

Compilation events (10 events):
Event: 23.023 Thread 0x000000005786e000 nmethod 3960 0x0000000003652290 code [0x0000000003652400, 0x00000000036526c8]
Event: 23.028 Thread 0x00000000562a6000 nmethod 3959 0x0000000003656990 code [0x0000000003656b00, 0x0000000003656fe8]
Event: 23.030 Thread 0x000000005786e000 3961       3       org.codehaus.groovy.util.ManagedConcurrentMap$EntryWithValue::<init> (16 bytes)
Event: 23.030 Thread 0x000000005786e000 nmethod 3961 0x0000000003656290 code [0x0000000003656420, 0x00000000036567b8]
Event: 23.030 Thread 0x000000005786e000 3962       3       org.codehaus.groovy.util.ManagedConcurrentMap$Entry::<init> (18 bytes)
Event: 23.031 Thread 0x000000005786e000 nmethod 3962 0x0000000003655d90 code [0x0000000003655f00, 0x0000000003656168]
Event: 23.031 Thread 0x000000005786e000 3963       3       org.codehaus.groovy.util.ManagedConcurrentMap$EntryWithValue::setValue (6 bytes)
Event: 23.031 Thread 0x000000005786e000 nmethod 3963 0x0000000003648190 code [0x00000000036482e0, 0x0000000003648450]
Event: 23.033 Thread 0x000000005786d000 3964       4       groovy.lang.MetaClassImpl::addMetaMethodToIndex (65 bytes)
Event: 23.127 Thread 0x00000000562a6000 3965       4       groovy.lang.MetaClassImpl::checkIfStdMethod (178 bytes)

GC Heap History (10 events):
Event: 11.044 GC heap before
{Heap before GC invocations=5 (full 1):
 PSYoungGen      total 71680K, used 5104K [0x00000000e0000000, 0x00000000e4b00000, 0x0000000100000000)
  eden space 66560K, 0% used [0x00000000e0000000,0x00000000e0000000,0x00000000e4100000)
  from space 5120K, 99% used [0x00000000e4600000,0x00000000e4afc010,0x00000000e4b00000)
  to   space 5120K, 0% used [0x00000000e4100000,0x00000000e4100000,0x00000000e4600000)
 ParOldGen       total 87552K, used 7445K [0x00000000a0000000, 0x00000000a5580000, 0x00000000e0000000)
  object space 87552K, 8% used [0x00000000a0000000,0x00000000a0745530,0x00000000a5580000)
 Metaspace       used 20719K, capacity 21062K, committed 21248K, reserved 1067008K
  class space    used 2821K, capacity 2958K, committed 3072K, reserved 1048576K
Event: 11.115 GC heap after
Heap after GC invocations=5 (full 1):
 PSYoungGen      total 71680K, used 0K [0x00000000e0000000, 0x00000000e4b00000, 0x0000000100000000)
  eden space 66560K, 0% used [0x00000000e0000000,0x00000000e0000000,0x00000000e4100000)
  from space 5120K, 0% used [0x00000000e4600000,0x00000000e4600000,0x00000000e4b00000)
  to   space 5120K, 0% used [0x00000000e4100000,0x00000000e4100000,0x00000000e4600000)
 ParOldGen       total 49152K, used 8435K [0x00000000a0000000, 0x00000000a3000000, 0x00000000e0000000)
  object space 49152K, 17% used [0x00000000a0000000,0x00000000a083ce88,0x00000000a3000000)
 Metaspace       used 20719K, capacity 21062K, committed 21248K, reserved 1067008K
  class space    used 2821K, capacity 2958K, committed 3072K, reserved 1048576K
}
Event: 13.895 GC heap before
{Heap before GC invocations=6 (full 1):
 PSYoungGen      total 71680K, used 66560K [0x00000000e0000000, 0x00000000e4b00000, 0x0000000100000000)
  eden space 66560K, 100% used [0x00000000e0000000,0x00000000e4100000,0x00000000e4100000)
  from space 5120K, 0% used [0x00000000e4600000,0x00000000e4600000,0x00000000e4b00000)
  to   space 5120K, 0% used [0x00000000e4100000,0x00000000e4100000,0x00000000e4600000)
 ParOldGen       total 49152K, used 8435K [0x00000000a0000000, 0x00000000a3000000, 0x00000000e0000000)
  object space 49152K, 17% used [0x00000000a0000000,0x00000000a083ce88,0x00000000a3000000)
 Metaspace       used 26134K, capacity 26522K, committed 26624K, reserved 1073152K
  class space    used 3683K, capacity 3786K, committed 3840K, reserved 1048576K
Event: 13.915 GC heap after
Heap after GC invocations=6 (full 1):
 PSYoungGen      total 71680K, used 5091K [0x00000000e0000000, 0x00000000e9200000, 0x0000000100000000)
  eden space 66560K, 0% used [0x00000000e0000000,0x00000000e0000000,0x00000000e4100000)
  from space 5120K, 99% used [0x00000000e4100000,0x00000000e45f8cf8,0x00000000e4600000)
  to   space 10752K, 0% used [0x00000000e8780000,0x00000000e8780000,0x00000000e9200000)
 ParOldGen       total 49152K, used 11430K [0x00000000a0000000, 0x00000000a3000000, 0x00000000e0000000)
  object space 49152K, 23% used [0x00000000a0000000,0x00000000a0b299a0,0x00000000a3000000)
 Metaspace       used 26134K, capacity 26522K, committed 26624K, reserved 1073152K
  class space    used 3683K, capacity 3786K, committed 3840K, reserved 1048576K
}
Event: 19.597 GC heap before
{Heap before GC invocations=7 (full 1):
 PSYoungGen      total 71680K, used 71651K [0x00000000e0000000, 0x00000000e9200000, 0x0000000100000000)
  eden space 66560K, 100% used [0x00000000e0000000,0x00000000e4100000,0x00000000e4100000)
  from space 5120K, 99% used [0x00000000e4100000,0x00000000e45f8cf8,0x00000000e4600000)
  to   space 10752K, 0% used [0x00000000e8780000,0x00000000e8780000,0x00000000e9200000)
 ParOldGen       total 49152K, used 11430K [0x00000000a0000000, 0x00000000a3000000, 0x00000000e0000000)
  object space 49152K, 23% used [0x00000000a0000000,0x00000000a0b299a0,0x00000000a3000000)
 Metaspace       used 29872K, capacity 30394K, committed 30720K, reserved 1075200K
  class space    used 4151K, capacity 4309K, committed 4352K, reserved 1048576K
Event: 19.608 GC heap after
Heap after GC invocations=7 (full 1):
 PSYoungGen      total 134656K, used 7215K [0x00000000e0000000, 0x00000000e8f80000, 0x0000000100000000)
  eden space 126464K, 0% used [0x00000000e0000000,0x00000000e0000000,0x00000000e7b80000)
  from space 8192K, 88% used [0x00000000e8780000,0x00000000e8e8bfe0,0x00000000e8f80000)
  to   space 10240K, 0% used [0x00000000e7b80000,0x00000000e7b80000,0x00000000e8580000)
 ParOldGen       total 49152K, used 11502K [0x00000000a0000000, 0x00000000a3000000, 0x00000000e0000000)
  object space 49152K, 23% used [0x00000000a0000000,0x00000000a0b3b9b0,0x00000000a3000000)
 Metaspace       used 29872K, capacity 30394K, committed 30720K, reserved 1075200K
  class space    used 4151K, capacity 4309K, committed 4352K, reserved 1048576K
}
Event: 21.210 GC heap before
{Heap before GC invocations=8 (full 1):
 PSYoungGen      total 134656K, used 69393K [0x00000000e0000000, 0x00000000e8f80000, 0x0000000100000000)
  eden space 126464K, 49% used [0x00000000e0000000,0x00000000e3cb8768,0x00000000e7b80000)
  from space 8192K, 88% used [0x00000000e8780000,0x00000000e8e8bfe0,0x00000000e8f80000)
  to   space 10240K, 0% used [0x00000000e7b80000,0x00000000e7b80000,0x00000000e8580000)
 ParOldGen       total 49152K, used 11502K [0x00000000a0000000, 0x00000000a3000000, 0x00000000e0000000)
  object space 49152K, 23% used [0x00000000a0000000,0x00000000a0b3b9b0,0x00000000a3000000)
 Metaspace       used 34647K, capacity 35210K, committed 35416K, reserved 1079296K
  class space    used 4726K, capacity 4875K, committed 4992K, reserved 1048576K
Event: 21.685 GC heap after
Heap after GC invocations=8 (full 1):
 PSYoungGen      total 136704K, used 10226K [0x00000000e0000000, 0x00000000e8f80000, 0x0000000100000000)
  eden space 126464K, 0% used [0x00000000e0000000,0x00000000e0000000,0x00000000e7b80000)
  from space 10240K, 99% used [0x00000000e7b80000,0x00000000e857c900,0x00000000e8580000)
  to   space 8192K, 0% used [0x00000000e8780000,0x00000000e8780000,0x00000000e8f80000)
 ParOldGen       total 49152K, used 12166K [0x00000000a0000000, 0x00000000a3000000, 0x00000000e0000000)
  object space 49152K, 24% used [0x00000000a0000000,0x00000000a0be1a20,0x00000000a3000000)
 Metaspace       used 34647K, capacity 35210K, committed 35416K, reserved 1079296K
  class space    used 4726K, capacity 4875K, committed 4992K, reserved 1048576K
}
Event: 21.685 GC heap before
{Heap before GC invocations=9 (full 2):
 PSYoungGen      total 136704K, used 10226K [0x00000000e0000000, 0x00000000e8f80000, 0x0000000100000000)
  eden space 126464K, 0% used [0x00000000e0000000,0x00000000e0000000,0x00000000e7b80000)
  from space 10240K, 99% used [0x00000000e7b80000,0x00000000e857c900,0x00000000e8580000)
  to   space 8192K, 0% used [0x00000000e8780000,0x00000000e8780000,0x00000000e8f80000)
 ParOldGen       total 49152K, used 12166K [0x00000000a0000000, 0x00000000a3000000, 0x00000000e0000000)
  object space 49152K, 24% used [0x00000000a0000000,0x00000000a0be1a20,0x00000000a3000000)
 Metaspace       used 34647K, capacity 35210K, committed 35416K, reserved 1079296K
  class space    used 4726K, capacity 4875K, committed 4992K, reserved 1048576K
Event: 21.845 GC heap after
Heap after GC invocations=9 (full 2):
 PSYoungGen      total 136704K, used 0K [0x00000000e0000000, 0x00000000e8f80000, 0x0000000100000000)
  eden space 126464K, 0% used [0x00000000e0000000,0x00000000e0000000,0x00000000e7b80000)
  from space 10240K, 0% used [0x00000000e7b80000,0x00000000e7b80000,0x00000000e8580000)
  to   space 8192K, 0% used [0x00000000e8780000,0x00000000e8780000,0x00000000e8f80000)
 ParOldGen       total 61440K, used 16917K [0x00000000a0000000, 0x00000000a3c00000, 0x00000000e0000000)
  object space 61440K, 27% used [0x00000000a0000000,0x00000000a10856a0,0x00000000a3c00000)
 Metaspace       used 34647K, capacity 35210K, committed 35416K, reserved 1079296K
  class space    used 4726K, capacity 4875K, committed 4992K, reserved 1048576K
}

Deoptimization events (10 events):
Event: 20.911 Thread 0x00000000593d3000 Uncommon trap: reason=unstable_if action=reinterpret pc=0x00000000030b9c98 method=java.util.HashMap.putVal(ILjava/lang/Object;Ljava/lang/Object;ZZ)Ljava/lang/Object; @ 162
Event: 20.912 Thread 0x00000000593d3000 Uncommon trap: reason=unstable_if action=reinterpret pc=0x0000000002b61ac4 method=java.util.HashMap.resize()[Ljava/util/HashMap$Node; @ 206
Event: 22.459 Thread 0x00000000593d3000 Uncommon trap: reason=unstable_if action=reinterpret pc=0x00000000033d59bc method=java.lang.ThreadLocal.get()Ljava/lang/Object; @ 11
Event: 22.504 Thread 0x00000000593d3000 Uncommon trap: reason=class_check action=maybe_recompile pc=0x000000000327ba6c method=java.util.Hashtable.put(Ljava/lang/Object;Ljava/lang/Object;)Ljava/lang/Object; @ 18
Event: 22.504 Thread 0x00000000593d3000 Uncommon trap: reason=class_check action=maybe_recompile pc=0x000000000327ba6c method=java.util.Hashtable.put(Ljava/lang/Object;Ljava/lang/Object;)Ljava/lang/Object; @ 18
Event: 22.504 Thread 0x00000000593d3000 Uncommon trap: reason=class_check action=maybe_recompile pc=0x000000000327ba6c method=java.util.Hashtable.put(Ljava/lang/Object;Ljava/lang/Object;)Ljava/lang/Object; @ 18
Event: 22.504 Thread 0x00000000593d3000 Uncommon trap: reason=class_check action=maybe_recompile pc=0x000000000327ba6c method=java.util.Hashtable.put(Ljava/lang/Object;Ljava/lang/Object;)Ljava/lang/Object; @ 18
Event: 22.504 Thread 0x00000000593d3000 Uncommon trap: reason=class_check action=maybe_recompile pc=0x000000000327414c method=java.util.Hashtable.addEntry(ILjava/lang/Object;Ljava/lang/Object;I)V @ 38
Event: 22.505 Thread 0x00000000593d3000 Uncommon trap: reason=unstable_if action=reinterpret pc=0x0000000002afe02c method=java.lang.CharacterDataLatin1.isWhitespace(I)Z @ 14
Event: 22.580 Thread 0x00000000593d3000 Uncommon trap: reason=unstable_if action=reinterpret pc=0x0000000002f7731c method=java.security.CodeSource.getCertificates()[Ljava/security/cert/Certificate; @ 22

Internal exceptions (10 events):
Event: 22.794 Thread 0x00000000593d3000 Exception <a 'java/lang/ClassNotFoundException': com/android/build/gradle/internal/dsl/BuildTypeCustomizer> (0x00000000e1e1b6e8) thrown at [D:\re\workspace\8-2-build-windows-amd64-cygwin\jdk8u40\3098\hotspot\src\share\vm\classfile\systemDictionary.cpp, linåë;'ﬁÀ6@
Event: 22.796 Thread 0x00000000593d3000 Exception <a 'java/lang/ClassNotFoundException': com/android/build/gradle/internal/dsl/BuildType_DecoratedCustomizer> (0x00000000e1e644a0) thrown at [D:\re\workspace\8-2-build-windows-amd64-cygwin\jdk8u40\3098\hotspot\src\share\vm\classfile\systemDictionarMR–Èƒ7@
Event: 23.015 Thread 0x00000000593d3000 Exception <a 'java/lang/ClassNotFoundException': com/android/build/gradle/AppExtension_DecoratedBeanInfo> (0x00000000e2304778) thrown at [D:\re\workspace\8-2-build-windows-amd64-cygwin\jdk8u40\3098\hotspot\src\share\vm\classfile\systemDictionary.cpp, line ç!∂e„7@
Event: 23.015 Thread 0x00000000593d3000 Exception <a 'java/lang/ClassNotFoundException': com/android/build/gradle/AppExtensionBeanInfo> (0x00000000e2313cf8) thrown at [D:\re\workspace\8-2-build-windows-amd64-cygwin\jdk8u40\3098\hotspot\src\share\vm\classfile\systemDictionary.cpp, line 210]
Event: 23.016 Thread 0x00000000593d3000 Exception <a 'java/lang/ClassNotFoundException': com/android/build/gradle/TestedExtensionBeanInfo> (0x00000000e2324200) thrown at [D:\re\workspace\8-2-build-windows-amd64-cygwin\jdk8u40\3098\hotspot\src\share\vm\classfile\systemDictionary.cpp, line 210]
Event: 23.017 Thread 0x00000000593d3000 Exception <a 'java/lang/ClassNotFoundException': com/android/build/gradle/BaseExtensionBeanInfo> (0x00000000e2333f58) thrown at [D:\re\workspace\8-2-build-windows-amd64-cygwin\jdk8u40\3098\hotspot\src\share\vm\classfile\systemDictionary.cpp, line 210]
Event: 23.017 Thread 0x00000000593d3000 Exception <a 'java/lang/ClassNotFoundException': com/android/build/gradle/BaseExtensionCustomizer> (0x00000000e23445a8) thrown at [D:\re\workspace\8-2-build-windows-amd64-cygwin\jdk8u40\3098\hotspot\src\share\vm\classfile\systemDictionary.cpp, line 210]
Event: 23.021 Thread 0x00000000593d3000 Exception <a 'java/lang/ClassNotFoundException': com/android/build/gradle/TestedExtensionCustomizer> (0x00000000e23ce398) thrown at [D:\re\workspace\8-2-build-windows-amd64-cygwin\jdk8u40\3098\hotspot\src\share\vm\classfile\systemDictionary.cpp, line 210]
Event: 23.022 Thread 0x00000000593d3000 Exception <a 'java/lang/ClassNotFoundException': com/android/build/gradle/AppExtensionCustomizer> (0x00000000e23f7e48) thrown at [D:\re\workspace\8-2-build-windows-amd64-cygwin\jdk8u40\3098\hotspot\src\share\vm\classfile\systemDictionary.cpp, line 210]
Event: 23.023 Thread 0x00000000593d3000 Exception <a 'java/lang/ClassNotFoundException': com/android/build/gradle/AppExtension_DecoratedCustomizer> (0x00000000e2420370) thrown at [D:\re\workspace\8-2-build-windows-amd64-cygwin\jdk8u40\3098\hotspot\src\share\vm\classfile\systemDictionary.cpp, lin

Events (10 events):
Event: 23.023 loading class com/android/build/gradle/AppExtension_DecoratedCustomizer
Event: 23.023 loading class com/android/build/gradle/AppExtension_DecoratedCustomizer done
Event: 23.028 loading class build_el9hr4x93dbxi6p55dghxbz8j$_run_closure1$_closure4
Event: 23.028 loading class build_el9hr4x93dbxi6p55dghxbz8j$_run_closure1$_closure4 done
Event: 23.030 loading class groovy/runtime/metaclass/build_el9hr4x93dbxi6p55dghxbz8j$_run_closure1$_closure4MetaClass
Event: 23.030 loading class groovy/runtime/metaclass/build_el9hr4x93dbxi6p55dghxbz8j$_run_closure1$_closure4MetaClass done
Event: 23.031 loading class org/gradle/util/ConfigureUtil
Event: 23.031 loading class org/gradle/util/ConfigureUtil done
Event: 23.031 loading class groovy/runtime/metaclass/com/android/build/gradle/internal/dsl/ProductFlavor_DecoratedMetaClass
Event: 23.031 loading class groovy/runtime/metaclass/com/android/build/gradle/internal/dsl/ProductFlavor_DecoratedMetaClass done


Dynamic libraries:
0x000000013f670000 - 0x000000013f6a7000 	C:\Program Files\Java\jdk1.8.0_40\bin\java.exe
0x0000000077ac0000 - 0x0000000077c68000 	C:\windows\SYSTEM32\ntdll.dll
0x00000000778a0000 - 0x00000000779bf000 	C:\windows\system32\kernel32.dll
0x000007fefd8a0000 - 0x000007fefd90c000 	C:\windows\system32\KERNELBASE.dll
0x000007fefdd40000 - 0x000007fefde1b000 	C:\windows\system32\ADVAPI32.dll
0x000007fefe620000 - 0x000007fefe6bf000 	C:\windows\system32\msvcrt.dll
0x000007fefdd10000 - 0x000007fefdd2f000 	C:\windows\SYSTEM32\sechost.dll
0x000007fefeac0000 - 0x000007fefebed000 	C:\windows\system32\RPCRT4.dll
0x00000000779c0000 - 0x0000000077aba000 	C:\windows\system32\USER32.dll
0x000007feffd60000 - 0x000007feffdc7000 	C:\windows\system32\GDI32.dll
0x000007fefdd30000 - 0x000007fefdd3e000 	C:\windows\system32\LPK.dll
0x000007fefe9f0000 - 0x000007fefeab9000 	C:\windows\system32\USP10.dll
0x000007fefc2f0000 - 0x000007fefc4e4000 	C:\windows\WinSxS\amd64_microsoft.windows.common-controls_6595b64144ccf1df_6.0.7601.17514_none_fa396087175ac9ac\COMCTL32.dll
0x000007fefdea0000 - 0x000007fefdf11000 	C:\windows\system32\SHLWAPI.dll
0x000007fefdce0000 - 0x000007fefdd0e000 	C:\windows\system32\IMM32.DLL
0x000007fefdf20000 - 0x000007fefe029000 	C:\windows\system32\MSCTF.dll
0x0000000078e70000 - 0x0000000078f42000 	C:\Program Files\Java\jdk1.8.0_40\jre\bin\msvcr100.dll
0x00000000702b0000 - 0x0000000070b33000 	C:\Program Files\Java\jdk1.8.0_40\jre\bin\server\jvm.dll
0x000007fef71d0000 - 0x000007fef71d9000 	C:\windows\system32\WSOCK32.dll
0x000007fefe760000 - 0x000007fefe7ad000 	C:\windows\system32\WS2_32.dll
0x000007fefefc0000 - 0x000007fefefc8000 	C:\windows\system32\NSI.dll
0x000007fefb980000 - 0x000007fefb9bb000 	C:\windows\system32\WINMM.dll
0x000007fefcc70000 - 0x000007fefcc7c000 	C:\windows\system32\VERSION.dll
0x0000000077c90000 - 0x0000000077c97000 	C:\windows\system32\PSAPI.DLL
0x0000000000330000 - 0x000000000033f000 	C:\Program Files\Java\jdk1.8.0_40\jre\bin\verify.dll
0x000000006ccf0000 - 0x000000006cd19000 	C:\Program Files\Java\jdk1.8.0_40\jre\bin\java.dll
0x000000006ff40000 - 0x000000006ff56000 	C:\Program Files\Java\jdk1.8.0_40\jre\bin\zip.dll
0x000007fefefd0000 - 0x000007feffd59000 	C:\windows\system32\SHELL32.dll
0x000007fefe280000 - 0x000007fefe483000 	C:\windows\system32\ole32.dll
0x000007fefd880000 - 0x000007fefd88f000 	C:\windows\system32\profapi.dll
0x0000000070190000 - 0x00000000701aa000 	C:\Program Files\Java\jdk1.8.0_40\jre\bin\net.dll
0x000007fefd060000 - 0x000007fefd0b5000 	C:\windows\system32\mswsock.dll
0x000007fefd050000 - 0x000007fefd057000 	C:\windows\System32\wship6.dll
0x000000006f950000 - 0x000000006f961000 	C:\Program Files\Java\jdk1.8.0_40\jre\bin\nio.dll
0x000007fed8320000 - 0x000007fed833e000 	C:\Users\carly.baja\.gradle\native\23\windows-amd64\native-platform.dll
0x000007fefd0c0000 - 0x000007fefd0d8000 	C:\windows\system32\CRYPTSP.dll
0x000007fefcdc0000 - 0x000007fefce07000 	C:\windows\system32\rsaenh.dll
0x000007fefdbd0000 - 0x000007fefdbee000 	C:\windows\system32\USERENV.dll
0x000007fefd720000 - 0x000007fefd72f000 	C:\windows\system32\CRYPTBASE.dll
0x000007fefb0a0000 - 0x000007fefb0c7000 	C:\windows\system32\IPHLPAPI.DLL
0x000007fefb090000 - 0x000007fefb09b000 	C:\windows\system32\WINNSI.DLL
0x000007fef9110000 - 0x000007fef9128000 	C:\windows\system32\dhcpcsvc.DLL
0x000007fef90f0000 - 0x000007fef9101000 	C:\windows\system32\dhcpcsvc6.DLL
0x000000006f570000 - 0x000000006f57d000 	C:\Program Files\Java\jdk1.8.0_40\jre\bin\management.dll
0x000007fefd6c0000 - 0x000007fefd717000 	C:\windows\system32\apphelp.dll
0x000007feebd40000 - 0x000007feebe65000 	C:\windows\system32\dbghelp.dll

VM Arguments:
jvm_args: -Xmx1536m -Dfile.encoding=windows-1252 -Duser.country=US -Duser.language=en -Duser.variant 
java_command: org.gradle.launcher.daemon.bootstrap.GradleDaemon 3.3
java_class_path (initial): C:\Users\carly.baja\.gradle\wrapper\dists\gradle-3.3\lib\gradle-launcher-3.3.jar
Launcher Type: SUN_STANDARD

Environment Variables:
PATH=C:\ProgramData\Oracle\Java\javapath;C:\Program Files\Common Files\Microsoft Shared\Windows Live;C:\Program Files (x86)\Common Files\Microsoft Shared\Windows Live;C:\Program Files (x86)\CodeGear\RAD Studio\5.0\bin;C:\Users\Public\Documents\RAD Studio\5.0\Bpl;C:\app\carly.baja\product\11.2.0\dbhome_1\bin;c:\Program Files (x86)\Intel\iCLS Client\;c:\Program Files\Intel\iCLS Client\;C:\windows\system32;C:\windows;C:\windows\System32\Wbem;C:\windows\System32\WindowsPowerShell\v1.0\;C:\Program Files\Intel\WiFi\bin\;C:\Program Files\Common Files\Intel\WirelessCommon\;C:\Program Files\Intel\Intel(R) Management Engine Components\DAL;C:\Program Files\Intel\Intel(R) Management Engine Components\IPT;C:\Program Files (x86)\Intel\Intel(R) Management Engine Components\DAL;C:\Program Files (x86)\Intel\Intel(R) Management Engine Components\IPT;c:\Program Files (x86)\Microsoft SQL Server\100\Tools\Binn\;c:\Program Files (x86)\Microsoft SQL Server\100\DTS\Binn\;C:\Program Files\Microsoft SQL Server\100\Tools\Binn\;C:\Program Files\Microsoft SQL Server\100\DTS\Binn\;C:\Program Files (x86)\Microsoft SQL Server\100\Tools\Binn\VSShell\Common7\IDE\;C:\Program Files (x86)\Microsoft Visual Studio 9.0\Common7\IDE\PrivateAssemblies\;C:\Program Files (x86)\Intel\OpenCL SDK\3.0\bin\x86;C:\Program Files (x86)\Intel\OpenCL SDK\3.0\bin\x64;C:\Program Files (x86)\Windows Live\Shared;c:\Program Files (x86)\Microsoft SQL Server\110\Tools\Binn\;c:\Program Files\Microsoft SQL Server\110\Tools\Binn\;c:\Program Files\Microsoft SQL Server\110\DTS\Binn\;c:\Program Files (x86)\Microsoft SQL Server\110\Tools\Binn\ManagementStudio\;c:\Program Files (x86)\Microsoft Visual Studio 10.0\Common7\IDE\PrivateAssemblies\;c:\Program Files (x86)\Microsoft SQL Server\110\DTS\Binn\;C:\Program Files (x86)\Skype\Phone\;C:\Program Files\Git\cmd;C:\Program Files\nodejs\;C:\Users\carly.baja\AppData\Roaming\npm
USERNAME=carly.baja
OS=Windows_NT
PROCESSOR_IDENTIFIER=Intel64 Family 6 Model 69 Stepping 1, GenuineIntel



---------------  S Y S T E M  ---------------

OS: Windows 7 , 64 bit Build 7601 (6.1.7601.18798)

CPU:total 4 (2 cores per cpu, 2 threads per core) family 6 model 69 stepping 1, cmov, cx8, fxsr, mmx, sse, sse2, sse3, ssse3, sse4.1, sse4.2, popcnt, avx, avx2, aes, clmul, erms, lzcnt, ht, tsc, tscinvbit, bmi1, bmi2

Memory: 4k page, physical 8283248k(470292k free), swap 10088224k(5124k free)

vm_info: Java HotSpot(TM) 64-Bit Server VM (25.40-b25) for windows-amd64 JRE (1.8.0_40-b26), built on Mar  7 2015 13:51:59 by "java_re" with MS VC++ 10.0 (VS2010)

time: Tue Jul 11 14:55:59 2017
elapsed time: 23 seconds (0d 0h 0m 23s)

